[    0.000000] Initializing cgroup subsys cpuset
[    0.000000] Initializing cgroup subsys cpu
[    0.000000] Initializing cgroup subsys cpuacct
[    0.000000] Linux version 4.4.0-164-generic (buildd@lgw01-amd64-021) (gcc version 5.4.0 20160609 (Ubuntu 5.4.0-6ubuntu1~16.04.10) ) #192-Ubuntu SMP Fri Sep 13 12:02:50 UTC 2019 (Ubuntu 4.4.0-164.192-generic 4.4.186)
[    0.000000] Command line: BOOT_IMAGE=/boot/vmlinuz-4.4.0-164-generic root=LABEL=cloudimg-rootfs ro console=tty1 console=ttyS0
[    0.000000] KERNEL supported cpus:
[    0.000000]   Intel GenuineIntel
[    0.000000]   AMD AuthenticAMD
[    0.000000]   Centaur CentaurHauls
[    0.000000] x86/fpu: xstate_offset[2]:  576, xstate_sizes[2]:  256
[    0.000000] x86/fpu: Supporting XSAVE feature 0x01: 'x87 floating point registers'
[    0.000000] x86/fpu: Supporting XSAVE feature 0x02: 'SSE registers'
[    0.000000] x86/fpu: Supporting XSAVE feature 0x04: 'AVX registers'
[    0.000000] x86/fpu: Enabled xstate features 0x7, context size is 832 bytes, using 'standard' format.
[    0.000000] e820: BIOS-provided physical RAM map:
[    0.000000] BIOS-e820: [mem 0x0000000000000000-0x000000000009fbff] usable
[    0.000000] BIOS-e820: [mem 0x000000000009fc00-0x000000000009ffff] reserved
[    0.000000] BIOS-e820: [mem 0x00000000000f0000-0x00000000000fffff] reserved
[    0.000000] BIOS-e820: [mem 0x0000000000100000-0x000000007ffeffff] usable
[    0.000000] BIOS-e820: [mem 0x000000007fff0000-0x000000007fffffff] ACPI data
[    0.000000] BIOS-e820: [mem 0x00000000fec00000-0x00000000fec00fff] reserved
[    0.000000] BIOS-e820: [mem 0x00000000fee00000-0x00000000fee00fff] reserved
[    0.000000] BIOS-e820: [mem 0x00000000fffc0000-0x00000000ffffffff] reserved
[    0.000000] NX (Execute Disable) protection: active
[    0.000000] SMBIOS 2.5 present.
[    0.000000] Hypervisor detected: KVM
[    0.000000] e820: last_pfn = 0x7fff0 max_arch_pfn = 0x400000000
[    0.000000] MTRR: Disabled
[    0.000000] x86/PAT: MTRRs disabled, skipping PAT initialization too.
[    0.000000] CPU MTRRs all blank - virtualized system.
[    0.000000] x86/PAT: Configuration [0-7]: WB  WT  UC- UC  WB  WT  UC- UC  
[    0.000000] found SMP MP-table at [mem 0x0009fff0-0x0009ffff] mapped at [ffff88000009fff0]
[    0.000000] Scanning 1 areas for low memory corruption
[    0.000000] RAMDISK: [mem 0x362f8000-0x37173fff]
[    0.000000] ACPI: Early table checksum verification disabled
[    0.000000] ACPI: RSDP 0x00000000000E0000 000024 (v02 VBOX  )
[    0.000000] ACPI: XSDT 0x000000007FFF0030 00003C (v01 VBOX   VBOXXSDT 00000001 ASL  00000061)
[    0.000000] ACPI: FACP 0x000000007FFF00F0 0000F4 (v04 VBOX   VBOXFACP 00000001 ASL  00000061)
[    0.000000] ACPI: DSDT 0x000000007FFF0480 0022EA (v02 VBOX   VBOXBIOS 00000002 INTL 20100528)
[    0.000000] ACPI: FACS 0x000000007FFF0200 000040
[    0.000000] ACPI: FACS 0x000000007FFF0200 000040
[    0.000000] ACPI: APIC 0x000000007FFF0240 00006C (v02 VBOX   VBOXAPIC 00000001 ASL  00000061)
[    0.000000] ACPI: SSDT 0x000000007FFF02B0 0001CC (v01 VBOX   VBOXCPUT 00000002 INTL 20100528)
[    0.000000] No NUMA configuration found
[    0.000000] Faking a node at [mem 0x0000000000000000-0x000000007ffeffff]
[    0.000000] NODE_DATA(0) allocated [mem 0x7ffeb000-0x7ffeffff]
[    0.000000] kvm-clock: Using msrs 4b564d01 and 4b564d00
[    0.000000] kvm-clock: cpu 0, msr 0:7ffe3001, primary cpu clock
[    0.000000] kvm-clock: using sched offset of 3937936231 cycles
[    0.000000] clocksource: kvm-clock: mask: 0xffffffffffffffff max_cycles: 0x1cd42e4dffb, max_idle_ns: 881590591483 ns
[    0.000000] Zone ranges:
[    0.000000]   DMA      [mem 0x0000000000001000-0x0000000000ffffff]
[    0.000000]   DMA32    [mem 0x0000000001000000-0x000000007ffeffff]
[    0.000000]   Normal   empty
[    0.000000]   Device   empty
[    0.000000] Movable zone start for each node
[    0.000000] Early memory node ranges
[    0.000000]   node   0: [mem 0x0000000000001000-0x000000000009efff]
[    0.000000]   node   0: [mem 0x0000000000100000-0x000000007ffeffff]
[    0.000000] Initmem setup node 0 [mem 0x0000000000001000-0x000000007ffeffff]
[    0.000000] ACPI: PM-Timer IO Port: 0x4008
[    0.000000] IOAPIC[0]: apic_id 4, version 32, address 0xfec00000, GSI 0-23
[    0.000000] ACPI: INT_SRC_OVR (bus 0 bus_irq 0 global_irq 2 dfl dfl)
[    0.000000] ACPI: INT_SRC_OVR (bus 0 bus_irq 9 global_irq 9 low level)
[    0.000000] Using ACPI (MADT) for SMP configuration information
[    0.000000] smpboot: Allowing 4 CPUs, 0 hotplug CPUs
[    0.000000] PM: Registered nosave memory: [mem 0x00000000-0x00000fff]
[    0.000000] PM: Registered nosave memory: [mem 0x0009f000-0x0009ffff]
[    0.000000] PM: Registered nosave memory: [mem 0x000a0000-0x000effff]
[    0.000000] PM: Registered nosave memory: [mem 0x000f0000-0x000fffff]
[    0.000000] e820: [mem 0x80000000-0xfebfffff] available for PCI devices
[    0.000000] Booting paravirtualized kernel on KVM
[    0.000000] clocksource: refined-jiffies: mask: 0xffffffff max_cycles: 0xffffffff, max_idle_ns: 7645519600211568 ns
[    0.000000] setup_percpu: NR_CPUS:512 nr_cpumask_bits:512 nr_cpu_ids:4 nr_node_ids:1
[    0.000000] PERCPU: Embedded 34 pages/cpu @ffff88007fc00000 s99544 r8192 d31528 u524288
[    0.000000] Built 1 zonelists in Node order, mobility grouping on.  Total pages: 515960
[    0.000000] Policy zone: DMA32
[    0.000000] Kernel command line: BOOT_IMAGE=/boot/vmlinuz-4.4.0-164-generic root=LABEL=cloudimg-rootfs ro console=tty1 console=ttyS0
[    0.000000] PID hash table entries: 4096 (order: 3, 32768 bytes)
[    0.000000] Memory: 2029644K/2096696K available (8622K kernel code, 1335K rwdata, 4032K rodata, 1488K init, 1284K bss, 67052K reserved, 0K cma-reserved)
[    0.000000] SLUB: HWalign=64, Order=0-3, MinObjects=0, CPUs=4, Nodes=1
[    0.000000] Kernel/User page tables isolation: enabled
[    0.000000] Hierarchical RCU implementation.
[    0.000000] 	Build-time adjustment of leaf fanout to 64.
[    0.000000] 	RCU restricting CPUs from NR_CPUS=512 to nr_cpu_ids=4.
[    0.000000] RCU: Adjusting geometry for rcu_fanout_leaf=64, nr_cpu_ids=4
[    0.000000] NR_IRQS:33024 nr_irqs:456 16
[    0.000000] Console: colour VGA+ 80x25
[    0.000000] console [tty1] enabled
[    0.000000] console [ttyS0] enabled
[    0.000000] tsc: Detected 2699.998 MHz processor
[    0.849455] Calibrating delay loop (skipped) preset value.. 5399.99 BogoMIPS (lpj=10799992)
[    0.856455] pid_max: default: 32768 minimum: 301
[    0.857891] ACPI: Core revision 20150930
[    0.867053] ACPI: 2 ACPI AML tables successfully acquired and loaded
[    0.871937] Security Framework initialized
[    0.875203] Yama: becoming mindful.
[    0.884658] AppArmor: AppArmor initialized
[    0.888908] Dentry cache hash table entries: 262144 (order: 9, 2097152 bytes)
[    0.899417] Inode-cache hash table entries: 131072 (order: 8, 1048576 bytes)
[    0.918685] Mount-cache hash table entries: 4096 (order: 3, 32768 bytes)
[    0.921226] Mountpoint-cache hash table entries: 4096 (order: 3, 32768 bytes)
[    0.947176] Initializing cgroup subsys io
[    0.949643] Initializing cgroup subsys memory
[    0.952753] Initializing cgroup subsys devices
[    0.964464] Initializing cgroup subsys freezer
[    0.972071] Initializing cgroup subsys net_cls
[    0.980269] Initializing cgroup subsys perf_event
[    0.986338] Initializing cgroup subsys net_prio
[    0.990647] Initializing cgroup subsys hugetlb
[    0.991828] Initializing cgroup subsys pids
[    0.999979] mce: CPU supports 0 MCE banks
[    1.006923] Last level iTLB entries: 4KB 64, 2MB 8, 4MB 8
[    1.015155] Last level dTLB entries: 4KB 64, 2MB 0, 4MB 0, 1GB 4
[    1.016849] Spectre V1 : Mitigation: usercopy/swapgs barriers and __user pointer sanitization
[    1.021962] Spectre V2 : Mitigation: Full generic retpoline
[    1.037650] Spectre V2 : Spectre v2 / SpectreRSB mitigation: Filling RSB on context switch
[    1.048737] Speculative Store Bypass: Vulnerable
[    1.054590] MDS: Mitigation: Clear CPU buffers
[    1.064550] Freeing SMP alternatives memory: 36K
[    1.082785] ftrace: allocating 32318 entries in 127 pages
[    1.203441] smpboot: APIC(0) Converting physical 0 to logical package 0
[    1.208337] smpboot: Max logical packages: 1
[    1.215597] x2apic enabled
[    1.218128] Switched APIC routing to physical x2apic.
[    1.233664] ..TIMER: vector=0x30 apic1=0 pin1=2 apic2=-1 pin2=-1
[    1.345654] smpboot: CPU0: Intel(R) Core(TM) i5-5257U CPU @ 2.70GHz (family: 0x6, model: 0x3d, stepping: 0x4)
[    1.360583] Performance Events: unsupported p6 CPU model 61 no PMU driver, software events only.
[    1.435022] KVM setup paravirtual spinlock
[    1.451675] x86: Booting SMP configuration:
[    1.453263] .... node  #0, CPUs:      #1
[    1.455025] kvm-clock: cpu 1, msr 0:7ffe3041, secondary cpu clock
[    1.457344] mce: CPU supports 0 MCE banks
[    1.467246]  #2
[    1.468168] kvm-clock: cpu 2, msr 0:7ffe3081, secondary cpu clock
[    1.471107] mce: CPU supports 0 MCE banks
[    1.474977]  #3
[    1.475604] kvm-clock: cpu 3, msr 0:7ffe30c1, secondary cpu clock
[    1.478544] mce: CPU supports 0 MCE banks
[    1.482338] x86: Booted up 1 node, 4 CPUs
[    1.486740] smpboot: Total of 4 processors activated (21599.98 BogoMIPS)
[    1.490928] devtmpfs: initialized
[    1.499224] evm: security.selinux
[    1.500331] evm: security.SMACK64
[    1.501419] evm: security.SMACK64EXEC
[    1.502969] evm: security.SMACK64TRANSMUTE
[    1.504717] evm: security.SMACK64MMAP
[    1.507273] evm: security.ima
[    1.508441] evm: security.capability
[    1.512778] clocksource: jiffies: mask: 0xffffffff max_cycles: 0xffffffff, max_idle_ns: 7645041785100000 ns
[    1.517492] futex hash table entries: 1024 (order: 4, 65536 bytes)
[    1.521515] pinctrl core: initialized pinctrl subsystem
[    1.523207] RTC time: 11:10:48, date: 09/27/19
[    1.524827] NET: Registered protocol family 16
[    1.541475] cpuidle: using governor ladder
[    1.557326] cpuidle: using governor menu
[    1.559262] PCCT header not found.
[    1.563450] ACPI: bus type PCI registered
[    1.564666] acpiphp: ACPI Hot Plug PCI Controller Driver version: 0.5
[    1.566658] PCI: Using configuration type 1 for base access
[    1.583387] ACPI: Added _OSI(Module Device)
[    1.585074] ACPI: Added _OSI(Processor Device)
[    1.586292] ACPI: Added _OSI(3.0 _SCP Extensions)
[    1.587618] ACPI: Added _OSI(Processor Aggregator Device)
[    1.590305] ACPI: Executed 1 blocks of module-level executable AML code
[    1.596860] ACPI: Interpreter enabled
[    1.599142] ACPI: (supports S0 S5)
[    1.600315] ACPI: Using IOAPIC for interrupt routing
[    1.602281] PCI: Using host bridge windows from ACPI; if necessary, use "pci=nocrs" and report a bug
[    1.613670] ACPI: PCI Root Bridge [PCI0] (domain 0000 [bus 00-ff])
[    1.615744] acpi PNP0A03:00: _OSC: OS supports [ASPM ClockPM Segments MSI]
[    1.618588] acpi PNP0A03:00: _OSC: not requesting OS control; OS requires [ExtendedConfig ASPM ClockPM MSI]
[    1.621651] acpi PNP0A03:00: fail to add MMCONFIG information, can't access extended PCI configuration space under this bridge.
[    1.625592] PCI host bridge to bus 0000:00
[    1.629918] pci_bus 0000:00: root bus resource [io  0x0000-0x0cf7 window]
[    1.632152] pci_bus 0000:00: root bus resource [io  0x0d00-0xffff window]
[    1.633958] pci_bus 0000:00: root bus resource [mem 0x000a0000-0x000bffff window]
[    1.635989] pci_bus 0000:00: root bus resource [mem 0x80000000-0xfdffffff window]
[    1.638029] pci_bus 0000:00: root bus resource [bus 00-ff]
[    1.641864] pci 0000:00:01.1: legacy IDE quirk: reg 0x10: [io  0x01f0-0x01f7]
[    1.646905] pci 0000:00:01.1: legacy IDE quirk: reg 0x14: [io  0x03f6]
[    1.648878] pci 0000:00:01.1: legacy IDE quirk: reg 0x18: [io  0x0170-0x0177]
[    1.651165] pci 0000:00:01.1: legacy IDE quirk: reg 0x1c: [io  0x0376]
[    1.709004] pci 0000:00:07.0: quirk: [io  0x4000-0x403f] claimed by PIIX4 ACPI
[    1.715214] pci 0000:00:07.0: quirk: [io  0x4100-0x410f] claimed by PIIX4 SMB
[    1.750366] ACPI: PCI Interrupt Link [LNKA] (IRQs 5 9 10 *11)
[    1.753065] ACPI: PCI Interrupt Link [LNKB] (IRQs 5 9 *10 11)
[    1.755334] ACPI: PCI Interrupt Link [LNKC] (IRQs 5 *9 10 11)
[    1.764202] ACPI: PCI Interrupt Link [LNKD] (IRQs 5 9 10 *11)
[    1.767081] ACPI: Enabled 2 GPEs in block 00 to 07
[    1.770097] vgaarb: setting as boot device: PCI:0000:00:02.0
[    1.771823] vgaarb: device added: PCI:0000:00:02.0,decodes=io+mem,owns=io+mem,locks=none
[    1.774696] vgaarb: loaded
[    1.775518] vgaarb: bridge control possible 0000:00:02.0
[    1.779632] SCSI subsystem initialized
[    1.783338] ACPI: bus type USB registered
[    1.784498] usbcore: registered new interface driver usbfs
[    1.786241] usbcore: registered new interface driver hub
[    1.788446] usbcore: registered new device driver usb
[    1.790412] PCI: Using ACPI for IRQ routing
[    1.792075] NetLabel: Initializing
[    1.796251] NetLabel:  domain hash size = 128
[    1.797859] NetLabel:  protocols = UNLABELED CIPSOv4
[    1.799597] NetLabel:  unlabeled traffic allowed by default
[    1.801381] amd_nb: Cannot enumerate AMD northbridges
[    1.802969] clocksource: Switched to clocksource kvm-clock
[    1.817536] AppArmor: AppArmor Filesystem Enabled
[    1.818916] pnp: PnP ACPI init
[    1.820918] pnp: PnP ACPI: found 3 devices
[    1.838890] clocksource: acpi_pm: mask: 0xffffff max_cycles: 0xffffff, max_idle_ns: 2085701024 ns
[    1.842229] NET: Registered protocol family 2
[    1.845172] TCP established hash table entries: 16384 (order: 5, 131072 bytes)
[    1.849295] TCP bind hash table entries: 16384 (order: 6, 262144 bytes)
[    1.850935] TCP: Hash tables configured (established 16384 bind 16384)
[    1.852798] UDP hash table entries: 1024 (order: 3, 32768 bytes)
[    1.855434] UDP-Lite hash table entries: 1024 (order: 3, 32768 bytes)
[    1.857371] NET: Registered protocol family 1
[    1.859118] pci 0000:00:00.0: Limiting direct PCI/PCI transfers
[    1.863646] pci 0000:00:01.0: Activating ISA DMA hang workarounds
[    1.865958] Unpacking initramfs...
[    2.153202] Freeing initrd memory: 14832K
[    2.154403] RAPL PMU detected, API unit is 2^-32 Joules, 4 fixed counters 10737418240 ms ovfl timer
[    2.156636] hw unit of domain pp0-core 2^-0 Joules
[    2.157713] hw unit of domain package 2^-0 Joules
[    2.158963] hw unit of domain dram 2^-0 Joules
[    2.160164] hw unit of domain pp1-gpu 2^-0 Joules
[    2.162001] clocksource: tsc: mask: 0xffffffffffffffff max_cycles: 0x26eb3cc21a9, max_idle_ns: 440795299783 ns
[    2.167160] platform rtc_cmos: registered platform RTC device (no PNP device found)
[    2.170211] Scanning for low memory corruption every 60 seconds
[    2.172488] audit: initializing netlink subsys (disabled)
[    2.173859] audit: type=2000 audit(1569582653.380:1): initialized
[    2.175700] Initialise system trusted keyring
[    2.177480] HugeTLB registered 2 MB page size, pre-allocated 0 pages
[    2.182901] zbud: loaded
[    2.184521] VFS: Disk quotas dquot_6.6.0
[    2.185681] VFS: Dquot-cache hash table entries: 512 (order 0, 4096 bytes)
[    2.187760] squashfs: version 4.0 (2009/01/31) Phillip Lougher
[    2.189789] fuse init (API version 7.23)
[    2.191088] Key type big_key registered
[    2.192096] Allocating IMA MOK and blacklist keyrings.
[    2.199410] Key type asymmetric registered
[    2.200461] Asymmetric key parser 'x509' registered
[    2.201769] Block layer SCSI generic (bsg) driver version 0.4 loaded (major 249)
[    2.204647] io scheduler noop registered
[    2.205757] io scheduler deadline registered (default)
[    2.207394] io scheduler cfq registered
[    2.208974] pci_hotplug: PCI Hot Plug PCI Core version: 0.5
[    2.211458] pciehp: PCI Express Hot Plug Controller Driver version: 0.4
[    2.215673] ACPI: AC Adapter [AC] (on-line)
[    2.217788] input: Power Button as /devices/LNXSYSTM:00/LNXPWRBN:00/input/input0
[    2.220615] ACPI: Power Button [PWRF]
[    2.222068] input: Sleep Button as /devices/LNXSYSTM:00/LNXSLPBN:00/input/input1
[    2.224243] ACPI: Sleep Button [SLPF]
[    2.227893] ACPI: Battery Slot [BAT0] (battery present)
[    2.228394] GHES: HEST is not enabled!
[    2.233183] Serial: 8250/16550 driver, 32 ports, IRQ sharing enabled
[    2.257206] 00:02: ttyS0 at I/O 0x3f8 (irq = 4, base_baud = 115200) is a 16550A
[    2.279359] Linux agpgart interface v0.103
[    2.285319] loop: module loaded
[    2.287111] scsi host0: ata_piix
[    2.288497] scsi host1: ata_piix
[    2.289647] ata1: PATA max UDMA/33 cmd 0x1f0 ctl 0x3f6 bmdma 0xd000 irq 14
[    2.292041] ata2: PATA max UDMA/33 cmd 0x170 ctl 0x376 bmdma 0xd008 irq 15
[    2.294194] libphy: Fixed MDIO Bus: probed
[    2.297254] tun: Universal TUN/TAP device driver, 1.6
[    2.299642] tun: (C) 1999-2004 Max Krasnyansky <maxk@qualcomm.com>
[    2.301369] PPP generic driver version 2.4.2
[    2.302768] ehci_hcd: USB 2.0 'Enhanced' Host Controller (EHCI) Driver
[    2.304620] ehci-pci: EHCI PCI platform driver
[    2.305830] ehci-platform: EHCI generic platform driver
[    2.307431] ohci_hcd: USB 1.1 'Open' Host Controller (OHCI) Driver
[    2.308990] ohci-pci: OHCI PCI platform driver
[    2.310584] ohci-platform: OHCI generic platform driver
[    2.312552] uhci_hcd: USB Universal Host Controller Interface driver
[    2.315654] i8042: PNP: PS/2 Controller [PNP0303:PS2K,PNP0f03:PS2M] at 0x60,0x64 irq 1,12
[    2.319396] serio: i8042 KBD port at 0x60,0x64 irq 1
[    2.320671] serio: i8042 AUX port at 0x60,0x64 irq 12
[    2.322593] mousedev: PS/2 mouse device common for all mice
[    2.325416] rtc_cmos rtc_cmos: rtc core: registered rtc_cmos as rtc0
[    2.327259] input: AT Translated Set 2 keyboard as /devices/platform/i8042/serio0/input/input2
[    2.331351] rtc_cmos rtc_cmos: alarms up to one day, 114 bytes nvram
[    2.331390] i2c /dev entries driver
[    2.331528] device-mapper: uevent: version 1.0.3
[    2.331646] device-mapper: ioctl: 4.34.0-ioctl (2015-10-28) initialised: dm-devel@redhat.com
[    2.331669] ledtrig-cpu: registered to indicate activity on CPUs
[    2.332634] NET: Registered protocol family 10
[    2.332862] NET: Registered protocol family 17
[    2.332871] Key type dns_resolver registered
[    2.333220] registered taskstats version 1
[    2.333243] Loading compiled-in X.509 certificates
[    2.334091] Loaded X.509 cert 'Build time autogenerated kernel key: 24ad63d1d4c33254da6414eafe38a3477ac7de99'
[    2.334118] zswap: loaded using pool lzo/zbud
[    2.336986] Key type trusted registered
[    2.343922] Key type encrypted registered
[    2.343933] AppArmor: AppArmor sha1 policy hashing enabled
[    2.343938] ima: No TPM chip found, activating TPM-bypass!
[    2.343947] ima: Allocated hash algorithm: sha1
[    2.343977] evm: HMAC attrs: 0x1
[    2.346106]   Magic number: 3:829:176
[    2.348450] rtc_cmos rtc_cmos: setting system clock to 2019-09-27 11:10:49 UTC (1569582649)
[    2.348779] BIOS EDD facility v0.16 2004-Jun-25, 0 devices found
[    2.348780] EDD information not available.
[    2.452210] Freeing unused kernel memory: 1488K
[    2.453554] Write protecting the kernel read-only data: 14336k
[    2.456336] Freeing unused kernel memory: 1608K
[    2.459979] Freeing unused kernel memory: 64K
Loading, please wait...
starting version 229
[    2.492397] random: systemd-udevd: uninitialized urandom read (16 bytes read, 5 bits of entropy available)
[    2.496686] random: udevadm: uninitialized urandom read (16 bytes read, 5 bits of entropy available)
[    2.496732] random: udevadm: uninitialized urandom read (16 bytes read, 5 bits of entropy available)
[    2.533145] random: udevadm: uninitialized urandom read (16 bytes read, 5 bits of entropy available)
[    2.533323] random: udevadm: uninitialized urandom read (16 bytes read, 5 bits of entropy available)
[    2.534006] random: udevadm: uninitialized urandom read (16 bytes read, 5 bits of entropy available)
[    2.534143] random: udevadm: uninitialized urandom read (16 bytes read, 5 bits of entropy available)
[    2.534293] random: udevadm: uninitialized urandom read (16 bytes read, 5 bits of entropy available)
[    2.534406] random: udevadm: uninitialized urandom read (16 bytes read, 5 bits of entropy available)
[    2.534510] random: udevadm: uninitialized urandom read (16 bytes read, 5 bits of entropy available)
[    2.688912] e1000: Intel(R) PRO/1000 Network Driver - version 7.3.21-k8-NAPI
[    2.691753] e1000: Copyright (c) 1999-2006 Intel Corporation.
[    2.711242] Fusion MPT base driver 3.04.20
[    2.727733] Copyright (c) 1999-2008 LSI Corporation
[    2.737024] AVX2 version of gcm_enc/dec engaged.
[    2.744927] AES CTR mode by8 optimization enabled
[    2.759785] Fusion MPT SPI Host driver 3.04.20
[    2.938940] input: ImExPS/2 Generic Explorer Mouse as /devices/platform/i8042/serio1/input/input4
[    3.197319] e1000 0000:00:03.0 eth0: (PCI:33MHz:32-bit) 02:af:57:b2:64:eb
[    3.199667] e1000 0000:00:03.0 eth0: Intel(R) PRO/1000 Network Connection
[    3.656890] e1000 0000:00:08.0 eth1: (PCI:33MHz:32-bit) 08:00:27:09:0b:72
[    3.658498] e1000 0000:00:08.0 eth1: Intel(R) PRO/1000 Network Connection
[    3.661821] e1000 0000:00:03.0 enp0s3: renamed from eth0
[    3.664041] mptbase: ioc0: Initiating bringup
[    3.675712] e1000 0000:00:08.0 enp0s8: renamed from eth1
[    3.744290] ioc0: LSI53C1030 A0: Capabilities={Initiator}
[    4.694717] scsi host2: ioc0: LSI53C1030 A0, FwRev=00000000h, Ports=1, MaxQ=256, IRQ=20
[    5.195806] scsi 2:0:0:0: Direct-Access     VBOX     HARDDISK         1.0  PQ: 0 ANSI: 5
[    5.208509] scsi target2:0:0: Beginning Domain Validation
[    5.212120] scsi target2:0:0: Domain Validation skipping write tests
[    5.213620] scsi target2:0:0: Ending Domain Validation
[    5.214817] scsi target2:0:0: asynchronous
[    5.216794] scsi 2:0:1:0: Direct-Access     VBOX     HARDDISK         1.0  PQ: 0 ANSI: 5
[    5.218798] scsi target2:0:1: Beginning Domain Validation
[    5.222421] scsi target2:0:1: Domain Validation skipping write tests
[    5.223805] scsi target2:0:1: Ending Domain Validation
[    5.225009] scsi target2:0:1: asynchronous
[    5.233599] sd 2:0:0:0: [sda] 20971520 512-byte logical blocks: (10.7 GB/10.0 GiB)
[    5.233659] sd 2:0:0:0: Attached scsi generic sg0 type 0
[    5.237168] sd 2:0:0:0: [sda] Write Protect is off
[    5.237378] sd 2:0:1:0: [sdb] 20480 512-byte logical blocks: (10.5 MB/10.0 MiB)
[    5.237599] sd 2:0:1:0: Attached scsi generic sg1 type 0
[    5.237660] sd 2:0:1:0: [sdb] Write Protect is off
[    5.237820] sd 2:0:1:0: [sdb] Incomplete mode parameter data
[    5.237821] sd 2:0:1:0: [sdb] Assuming drive cache: write through
[    5.241136] sd 2:0:1:0: [sdb] Attached SCSI disk
[    5.249100] sd 2:0:0:0: [sda] Incomplete mode parameter data
[    5.250403] sd 2:0:0:0: [sda] Assuming drive cache: write through
[    5.254471]  sda: sda1
[    5.256525] sd 2:0:0:0: [sda] Attached SCSI disk
Begin: Loading essential drivers ... [    6.617537] md: linear personality registered for level -1
[    6.622961] md: multipath personality registered for level -4
[    6.628330] md: raid0 personality registered for level 0
[    6.635360] md: raid1 personality registered for level 1
[    6.707214] raid6: sse2x1   gen()  8841 MB/s
[    6.775160] raid6: sse2x1   xor()  6724 MB/s
[    6.843168] raid6: sse2x2   gen() 10473 MB/s
[    6.911058] raid6: sse2x2   xor()  7248 MB/s
[    6.979123] raid6: sse2x4   gen() 12789 MB/s
[    7.047060] raid6: sse2x4   xor()  8651 MB/s
[    7.115154] raid6: avx2x1   gen() 15449 MB/s
[    7.183155] raid6: avx2x2   gen() 13110 MB/s
[    7.251181] raid6: avx2x4   gen() 11300 MB/s
[    7.252834] raid6: using algorithm avx2x1 gen() 15449 MB/s
[    7.254362] raid6: using avx2x2 recovery algorithm
[    7.257019] xor: automatically using best checksumming function:
[    7.295245]    avx       : 23407.000 MB/sec
[    7.297616] async_tx: api initialized (async)
[    7.311146] md: raid6 personality registered for level 6
[    7.312745] md: raid5 personality registered for level 5
[    7.314462] md: raid4 personality registered for level 4
[    7.323834] md: raid10 personality registered for level 10
done.
Begin: Running /scripts/init-premount ... done.
Begin: Mounting root file system ... Begin: Running /scripts/local-top ... done.
Begin: Running /scripts/local-premount ... [    7.362263] Btrfs loaded
Scanning for Btrfs filesystems
done.
Warning: fsck not present, so skipping root file system
[    7.398442] EXT4-fs (sda1): mounted filesystem with ordered data mode. Opts: (null)
done.
Begin: Running /scripts/local-bottom ... done.
Begin: Running /scripts/init-bottom ... done.
[    7.511325] systemd[1]: systemd 229 running in system mode. (+PAM +AUDIT +SELINUX +IMA +APPARMOR +SMACK +SYSVINIT +UTMP +LIBCRYPTSETUP +GCRYPT +GNUTLS +ACL +XZ -LZ4 +SECCOMP +BLKID +ELFUTILS +KMOD -IDN)
[    7.515690] systemd[1]: Detected virtualization oracle.
[    7.516862] systemd[1]: Detected architecture x86-64.

Welcome to [1mUbuntu 16.04.6 LTS[0m!

[    7.521422] systemd[1]: Set hostname to <ubuntu-xenial>.
[    8.241641] systemd[1]: Listening on Syslog Socket.
[[0;32m  OK  [0m] Listening on Syslog Socket.
[    8.243997] systemd[1]: Reached target System Time Synchronized.
[[0;32m  OK  [0m] Reached target System Time Synchronized.
[    8.246669] systemd[1]: Reached target Encrypted Volumes.
[[0;32m  OK  [0m] Reached target Encrypted Volumes.
[    8.249068] systemd[1]: Listening on udev Control Socket.
[[0;32m  OK  [0m] Listening on udev Control Socket.
[    8.251550] systemd[1]: Set up automount Arbitrary Executable File Formats File System Automount Point.
[[0;32m  OK  [0m] Set up automount Arbitrary Executab...ats File System Automount Point.
[    8.255987] systemd[1]: Created slice System Slice.
[[0;32m  OK  [0m] Created slice System Slice.
[    8.258360] systemd[1]: Listening on /dev/initctl Compatibility Named Pipe.
[[0;32m  OK  [0m] Listening on /dev/initctl Compatibility Named Pipe.
[    8.261571] systemd[1]: Listening on Journal Socket.
[[0;32m  OK  [0m] Listening on Journal Socket.
[    8.684219] systemd[1]: Mounting RPC Pipe File System...
         Mounting RPC Pipe File System...
[    8.688594] systemd[1]: Mounting Huge Pages File System...
         Mounting Huge Pages File System...
[    8.696336] systemd[1]: Starting Uncomplicated firewall...
         Starting Uncomplicated firewall...
[    8.700686] systemd[1]: Listening on Journal Socket (/dev/log).
[[0;32m  OK  [0m] Listening on Journal Socket (/dev/log).
[    8.712245] systemd[1]: Mounting POSIX Message Queue File System...
         Mounting POSIX Message Queue File System...
[    8.718363] RPC: Registered named UNIX socket transport module.
[    8.718785] systemd[1]: Starting Nameserver information manager...
[    8.724649] RPC: Registered udp transport module.
[    8.724650] RPC: Registered tcp transport module.
[    8.724651] RPC: Registered tcp NFSv4.1 backchannel transport module.
         Starting Nameserver information manager...
[    8.731402] systemd[1]: Listening on LVM2 metadata daemon socket.
[[0;32m  OK  [0m] Listening on LVM2 metadata daemon socket.
[    8.734398] systemd[1]: Listening on LVM2 poll daemon socket.
[[0;32m  OK  [0m] Listening on LVM2 poll daemon socket.
[    8.737982] systemd[1]: Created slice User and Session Slice.
[[0;32m  OK  [0m] Created slice User and Session Slice.
[    8.741042] systemd[1]: Reached target Slices.
[[0;32m  OK  [0m] Reached target Slices.
[    8.743545] systemd[1]: Started Trigger resolvconf update for networkd DNS.
[[0;32m  OK  [0m] Started Trigger resolvconf update for networkd DNS.
[    8.746855] systemd[1]: Listening on Journal Audit Socket.
[[0;32m  OK  [0m] Listening on Journal Audit Socket.
[    8.771564] systemd[1]: Starting Journal Service...
         Starting Journal Service...
[    8.774883] systemd[1]: Reached target Swap.
[[0;32m  OK  [0m] Reached target Swap.
[    8.780635] systemd[1]: Starting Create list of required static device nodes for the current kernel...
         Starting Create list of required st... nodes for the current kernel...
[    8.790620] systemd[1]: Starting Set console keymap...
         Starting Set console keymap...
[    8.795936] systemd[1]: Reached target User and Group Name Lookups.
[[0;32m  OK  [0m] Reached target User and Group Name Lookups.
[    8.812629] systemd[1]: Mounting Debug File System...
         Mounting Debug File System...
[    8.821467] systemd[1]: Starting Load Kernel Modules...
         Starting Load Kernel Modules...
[    8.825454] systemd[1]: Listening on udev Kernel Socket.
[[0;32m  OK  [0m] Listening on udev Kernel Socket.
[    8.831013] systemd[1]: Started Forward Password Requests to Wall Directory Watch.
[[0;32m  OK  [0m] Started Forward Password Requests to Wall Directory Watch.
[    8.836349] systemd[1]: Listening on Device-mapper event daemon FIFOs.
[    8.838757] Loading iSCSI transport class v2.0-870.
[[0;32m  OK  [0m] Listening on Device-mapper event daemon FIFOs.
[    8.845032] systemd[1]: Starting Monitoring of LVM2 mirrors, snapshots etc. using dmeventd or progress polling...
         Starting Monitoring of LVM2 mirrors... dmeventd or progress polling...
[    8.853214] systemd[1]: Starting Remount Root and Kernel File Systems...
         Starting Remount Root and Kernel File Systems...
[    8.859393] systemd[1]: Created slice system-serial\x2dgetty.slice.
[    8.861697] iscsi: registered transport (tcp)
[[0;32m  OK  [0m] Created slice system-serial\x2dgetty.slice.
[    8.870531] EXT4-fs (sda1): re-mounted. Opts: (null)
[    8.870754] systemd[1]: Mounted RPC Pipe File System.
[[0;32m  OK  [0m] Mounted RPC Pipe File System.
[    8.876985] systemd[1]: Mounted Debug File System.
[[0;32m  OK  [0m] Mounted Debug File System.
[    8.881639] systemd[1]: Mounted POSIX Message Queue File System.
[[0;32m  OK  [0m] Mounted POSIX Message Queue File System.
[    8.885456] systemd[1]: Mounted Huge Pages File System.
[[0;32m  OK  [0m] Mounted Huge Pages File System.
[    8.888953] systemd[1]: Started Journal Service.
[[0;32m  OK  [0m] Started Journal Service.
[[0;32m  OK  [0m] Started Uncomplicated firewall.
[[0;32m  OK  [0m] Started Create list of required sta...ce nodes for the current kernel.
[[0;32m  OK  [0m] Started Set console keymap.
[[0;32m  OK  [0m] Started Remount Root and Kernel File Systems.
[    8.918925] iscsi: registered transport (iser)
[[0;32m  OK  [0m] Started Nameserver information manager.
[[0;32m  OK  [0m] Started Load Kernel Modules.
         Starting Apply Kernel Variables...
         Mounting FUSE Control File System...
[[0;32m  OK  [0m] Started LVM2 metadata daemon.
         Starting udev Coldplug all Devices...
         Starting Load/Save Random Seed...
         Starting Create Static Device Nodes in /dev...
         Starting Flush Journal to Persistent Storage...
[[0;32m  OK  [0m] Mounted FUSE Control File System.
[[0;32m  OK  [0m] Started Apply Kernel Variables.
[[0;32m  OK  [0m] Started Load/Save Random Seed.
[[0;32m  OK  [0m] Started Create Static Device Nodes in /dev.
[[0;32m  OK  [0m] Started Flush Journal to Persistent Storage.
[[0;32m  OK  [0m] Started udev Coldplug all Devices.
         Starting udev Kernel Device Manager...
[[0;32m  OK  [0m] Started udev Kernel Device Manager.
[[0;32m  OK  [0m] Started Dispatch Password Requests to Console Directory Watch.
[[0;32m  OK  [0m] Found device /dev/ttyS0.
[[0;32m  OK  [0m] Listening on Load/Save RF Kill Switch Status /dev/rfkill Watch.
[[0;32m  OK  [0m] Started Monitoring of LVM2 mirrors,...ng dmeventd or progress polling.
[[0;32m  OK  [0m] Reached target Local File Systems (Pre).
[[0;32m  OK  [0m] Reached target Local File Systems.
         Starting Preprocess NFS configuration...
         Starting Set console font and keymap...
         Starting Tell Plymouth To Write Out Runtime Data...
         Starting LSB: AppArmor initialization...
         Starting Initial cloud-init job (pre-networking)...
         Starting Create Volatile Files and Directories...
[[0;32m  OK  [0m] Started Preprocess NFS configuration.
[[0;32m  OK  [0m] Started Tell Plymouth To Write Out Runtime Data.
[[0;32m  OK  [0m] Started Create Volatile Files and Directories.
         Starting Update UTMP about System Boot/Shutdown...
[[0;32m  OK  [0m] Reached target NFS client services.
[[0;32m  OK  [0m] Started Update UTMP about System Boot/Shutdown.
[[0;32m  OK  [0m] Started LSB: AppArmor initialization.
[[0;32m  OK  [0m] Started Set console font and keymap.
[[0;32m  OK  [0m] Created slice system-getty.slice.
[   10.321754] cloud-init[698]: Cloud-init v. 19.2-24-ge7881d5c-0ubuntu1~16.04.1 running 'init-local' at Fri, 27 Sep 2019 11:10:58 +0000. Up 9.97 seconds.
[[0;32m  OK  [0m] Started Initial cloud-init job (pre-networking).
[[0;32m  OK  [0m] Reached target Network (Pre).
[[0;32m  OK  [0m] Started ifup for enp0s3.
[[0;32m  OK  [0m] Started ifup for enp0s8.
         Starting Raise network interfaces...
[[0;32m  OK  [0m] Started Raise network interfaces.
         Starting Initial cloud-init job (metadata service crawler)...
[[0;32m  OK  [0m] Reached target Network.
[   11.694973] cloud-init[1107]: Cloud-init v. 19.2-24-ge7881d5c-0ubuntu1~16.04.1 running 'init' at Fri, 27 Sep 2019 11:10:59 +0000. Up 11.06 seconds.
[   11.697419] cloud-init[1107]: ci-info: ++++++++++++++++++++++++++++++++++++++Net device info++++++++++++++++++++++++++++++++++++++
[   11.700036] cloud-init[1107]: ci-info: +--------+------+----------------------------+---------------+--------+-------------------+
[   11.702417] cloud-init[1107]: ci-info: | Device |  Up  |          Address           |      Mask     | Scope  |     Hw-Address    |
[   11.704787] cloud-init[1107]: ci-info: +--------+------+----------------------------+---------------+--------+-------------------+
[   11.713456] cloud-init[1107]: ci-info: | enp0s3 | True |         10.0.2.15          | 255.255.255.0 | global | 02:af:57:b2:64:eb |
[   11.715647] cloud-init[1107]: ci-info: | enp0s3 | True | fe80::af:57ff:feb2:64eb/64 |       .       |  link  | 02:af:57:b2:64:eb |
[   11.724594] cloud-init[1107]: ci-info: | enp0s8 | True |       192.168.33.10        | 255.255.255.0 | global | 08:00:27:09:0b:72 |
[   11.732668] cloud-init[1107]: ci-info: | enp0s8 | True | fe80::a00:27ff:fe09:b72/64 |       .       |  link  | 08:00:27:09:0b:72 |
[   11.734922] cloud-init[1107]: ci-info: |   lo   | True |         127.0.0.1          |   255.0.0.0   |  host  |         .         |
[   11.744880] cloud-init[1107]: ci-info: |   lo   | True |          ::1/128           |       .       |  host  |         .         |
[   11.747001] cloud-init[1107]: ci-info: +--------+------+----------------------------+---------------+--------+-------------------+
[   11.749481] cloud-init[1107]: ci-info: ++++++++++++++++++++++++++++Route IPv4 info++++++++++++++++++++++++++++
[   11.751484] cloud-init[1107]: ci-info: +-------+--------------+----------+---------------+-----------+-------+
[   11.753608] cloud-init[1107]: ci-info: | Route | Destination  | Gateway  |    Genmask    | Interface | Flags |
[   11.756202] cloud-init[1107]: ci-info: +-------+--------------+----------+---------------+-----------+-------+
[   11.759833] cloud-init[1107]: ci-info: |   0   |   0.0.0.0    | 10.0.2.2 |    0.0.0.0    |   enp0s3  |   UG  |
[   11.762866] cloud-init[1107]: ci-info: |   1   |   10.0.2.0   | 0.0.0.0  | 255.255.255.0 |   enp0s3  |   U   |
[   11.765263] cloud-init[1107]: ci-info: |   2   | 192.168.33.0 | 0.0.0.0  | 255.255.255.0 |   enp0s8  |   U   |
[   11.767718] cloud-init[1107]: ci-info: +-------+--------------+----------+---------------+-----------+-------+
[   11.770055] [cloud-init[0;32m  OK  [0m[1107]: ] ci-info: +++++++++++++++++++Route IPv6 info+++++++++++++++++++Started Initial cloud-init job (metadata service crawler).

[   11.770943] cloud-init[1107]: ci-info: +-------+-------------+---------+-----------+-------+
[[   11.775815] [0;32m  OK  [0mcloud-init] [1107]: Reached target System Initialization.ci-info: | Route | Destination | Gateway | Interface | Flags |

[   11.778610] [cloud-init[0;32m  OK  [0m[1107]: ] ci-info: +-------+-------------+---------+-----------+-------+Started Daily Cleanup of Temporary Directories.

[   11.778969] cloud-init[1107]: ci-info: |   0   |  fe80::/64  |    ::   |   enp0s8  |   U   |
[   11.783118]          cloud-initStarting LXD - unix socket.[1107]: 
ci-info: |   1   |  fe80::/64  |    ::   |   enp0s3  |   U   |
[   11.785372]          cloud-initStarting Docker Socket for the API.[1107]: 
ci-info: |   4   |   ff00::/8  |    ::   |   enp0s8  |   U   |
[   11.787962] cloud-init[1107]: ci-info: |   5   |   ff00::/8  |    ::   |   enp0s3  |   U   |
[   11.790136] [cloud-init[0;32m  OK  [0m[1107]: ] ci-info: +-------+-------------+---------+-----------+-------+Started Daily apt download activities.

[[0;32m  OK  [0m] Started Daily apt upgrade and clean activities.
[[0;32m  OK  [0m] Listening on UUID daemon activation socket.
[[0;32m  OK  [0m] Listening on ACPID Listen Socket.
[[0;32m  OK  [0m] Started Clean PHP session files every 30 mins.
[[0;32m  OK  [0m] Started ACPI Events Check.
[[0;32m  OK  [0m] Reached target Paths.
         Starting Socket activation for snappy daemon.
[[0;32m  OK  [0m] Listening on RPCbind Server Activation Socket.
[[0;32m  OK  [0m] Listening on D-Bus System Message Bus Socket.
[[0;32m  OK  [0m] Reached target Timers.
[[0;32m  OK  [0m] Reached target Cloud-config availability.
[[0;32m  OK  [0m] Reached target Network is Online.
         Starting iSCSI initiator daemon (iscsid)...
[[0;32m  OK  [0m] Listening on LXD - unix socket.
[[0;32m  OK  [0m] Listening on Docker Socket for the API.
[[0;32m  OK  [0m] Listening on Socket activation for snappy daemon.
[[0;32m  OK  [0m] Started iSCSI initiator daemon (iscsid).
         Starting Login to default iSCSI targets...
[[0;32m  OK  [0m] Reached target Sockets.
[[0;32m  OK  [0m] Reached target Basic System.
[[0;32m  OK  [0m] Started Regular background program processing daemon.
[[0;32m  OK  [0m] Started ACPI event daemon.
         Starting System Logging Service...
         Starting LSB: MD monitoring daemon...
         Starting containerd container runtime...
         Starting Snappy daemon...
         Starting LSB: Record successful boot for GRUB...
         Starting Login Service...
         Starting Accounts Service...
         Starting /etc/rc.local Compatibility...
         Starting Virtualbox guest utils...
[[0;32m  OK  [0m] Started FUSE filesystem for LXC.
[[0;32m  OK  [0m] Started D-Bus System Message Bus.
         Starting OpenBSD Secure Shell server...
[[0;32m  OK  [0m] Started Deferred execution scheduler.
         Starting MySQL Community Server...
         Starting LXD - container startup/shutdown...
[[0;32m  OK  [0m] Started System Logging Service.
[[0;32m  OK  [0m] Started containerd container runtime.
[[0;32m  OK  [0m] Started /etc/rc.local Compatibility.
[[0;32m  OK  [0m] Started OpenBSD Secure Shell server.
[[0;32m  OK  [0m] Started Login to default iSCSI targets.
[[0;32m  OK  [0m] Started LSB: MD monitoring daemon.
[[0;32m  OK  [0m] Started LSB: Record successful boot for GRUB.
[[0;32m  OK  [0m] Started Login Service.
[[0;32m  OK  [0m] Started Unattended Upgrades Shutdown.
         Starting Authenticate and Authorize Users to Run Privileged Tasks...
[[0;32m  OK  [0m] Reached target Remote File Systems (Pre).
[[0;32m  OK  [0m] Reached target Remote File Systems.
         Starting LSB: daemon to balance interrupts for SMP systems...
         Starting LSB: Set up cgroupfs mounts....
         Starting LSB: automatic crash report generation...
         Starting Permit User Sessions...
         Starting LSB: Apache2 web server...
         Starting LSB: Set the CPU Frequency Scaling governor to "ondemand"...
         Starting Docker Application Container Engine...
[[0;32m  OK  [0m] Started Virtualbox guest utils.
[[0;32m  OK  [0m] Started LXD - container startup/shutdown.
[[0;32m  OK  [0m] Started LSB: Set up cgroupfs mounts..
[[0;32m  OK  [0m] Started Permit User Sessions.
[[0;32m  OK  [0m] Started Snappy daemon.
[[0;32m  OK  [0m] Started Authenticate and Authorize Users to Run Privileged Tasks.
[[0;32m  OK  [0m] Started Accounts Service.
         Starting Wait until snapd is fully seeded...
         Starting Hold until boot process finishes up...
         Starting Terminate Plymouth Boot Screen...
[[0;32m  OK  [0m] Started LSB: daemon to balance interrupts for SMP systems.
[[0;32m  OK  [0m] Started LSB: Set the CPU Frequency Scaling governor to "ondemand".
[[0;32m  OK  [0m] Started Hold until boot process finishes up.
[[0;32m  OK  [0m] Started Terminate Plymouth Boot Screen.
[[0;32m  OK  [0m] Started LSB: automatic crash report generation.
[[0;32m  OK  [0m] Created slice User Slice of vagrant.
         Starting User Manager for UID 1000...
[[0;32m  OK  [0m] Started Session 1 of user vagrant.
[[0;32m  OK  [0m] Started Getty on tty1.
         Starting Set console scheme...
[[0;32m  OK  [0m] Started Serial Getty on ttyS0.
[[0;32m  OK  [0m] Reached target Login Prompts.
[[0;32m  OK  [0m] Started Wait until snapd is fully seeded.
[[0;32m  OK  [0m] Started Set console scheme.
         Starting Apply the settings specified in cloud-config...
[[0;32m  OK  [0m] Started User Manager for UID 1000.
[[0;32m  OK  [0m] Started MySQL Community Server.
[   14.986139] cloud-init[1438]: Cloud-init v. 19.2-24-ge7881d5c-0ubuntu1~16.04.1 running 'modules:config' at Fri, 27 Sep 2019 11:11:03 +0000. Up 14.73 seconds.
[[0;32m  OK  [0m] Started LSB: Apache2 web server.
[[0;32m  OK  [0m] Started Apply the settings specified in cloud-config.
[[0;32m  OK  [0m] Started Docker Application Container Engine.
[[0;32m  OK  [0m] Reached target Multi-User System.
[[0;32m  OK  [0m] Reached target Graphical Interface.
         Starting Execute cloud user/final scripts...
         Starting Update UTMP about System Runlevel Changes...
[[0;32m  OK  [0m] Started Update UTMP about System Runlevel Changes.
[   16.318410] cloud-init[1764]: Cloud-init v. 19.2-24-ge7881d5c-0ubuntu1~16.04.1 running 'modules:final' at Fri, 27 Sep 2019 11:11:04 +0000. Up 16.16 seconds.
[   16.326533] cloud-init[1764]: Cloud-init v. 19.2-24-ge7881d5c-0ubuntu1~16.04.1 finished at Fri, 27 Sep 2019 11:11:04 +0000. Datasource DataSourceNoCloud [seed=/dev/sdb][dsmode=net].  Up 16.30 seconds
[[0;32m  OK  [0m] Started Execute cloud user/final scripts.
[[0;32m  OK  [0m] Reached target Cloud-init target.

Ubuntu 16.04.6 LTS ubuntu-xenial ttyS0

ubuntu-xenial login: 